[0.976s] DEBUG:colcon:Command line arguments: ['/usr/bin/colcon', 'list', '-p', '--base-paths', '/home/kjcs/homogeneous-transform']
[0.976s] DEBUG:colcon:Parsed command line arguments: Namespace(log_base=None, log_level=None, verb_name='list', build_base='build', ignore_user_meta=False, metas=['./colcon.meta'], base_paths=['/home/kjcs/homogeneous-transform'], packages_ignore=None, packages_ignore_regex=None, paths=None, packages_up_to=None, packages_up_to_regex=None, packages_above=None, packages_above_and_dependencies=None, packages_above_depth=None, packages_select_by_dep=None, packages_skip_by_dep=None, packages_skip_up_to=None, packages_select_build_failed=False, packages_skip_build_finished=False, packages_select_test_failures=False, packages_skip_test_passed=False, packages_select=None, packages_skip=None, packages_select_regex=None, packages_skip_regex=None, packages_start=None, packages_end=None, allow_overriding=[], topological_order=False, names_only=False, paths_only=True, topological_graph=False, topological_graph_dot=False, topological_graph_density=False, topological_graph_legend=False, topological_graph_dot_cluster=False, topological_graph_dot_include_skipped=False, mixin_files=None, mixin=None, verb_parser=<colcon_mixin.mixin.mixin_argument.MixinArgumentDecorator object at 0x7fd764353bb0>, verb_extension=<colcon_package_information.verb.list.ListVerb object at 0x7fd7642d5450>, main=<bound method ListVerb.main of <colcon_package_information.verb.list.ListVerb object at 0x7fd7642d5450>>, mixin_verb=('list',))
[1.056s] Level 1:colcon.colcon_core.package_discovery:discover_packages(colcon_meta) check parameters
[1.056s] Level 1:colcon.colcon_core.package_discovery:discover_packages(recursive) check parameters
[1.056s] Level 1:colcon.colcon_core.package_discovery:discover_packages(ignore) check parameters
[1.056s] Level 1:colcon.colcon_core.package_discovery:discover_packages(path) check parameters
[1.057s] Level 1:colcon.colcon_core.package_discovery:discover_packages(recursive) discover
[1.057s] INFO:colcon.colcon_core.package_discovery:Crawling recursively for packages in '/home/kjcs/homogeneous-transform'
[1.057s] Level 1:colcon.colcon_core.package_identification:_identify(/home/kjcs/homogeneous-transform) by extensions ['ignore', 'ignore_ament_install']
[1.057s] Level 1:colcon.colcon_core.package_identification:_identify(/home/kjcs/homogeneous-transform) by extension 'ignore'
[1.057s] Level 1:colcon.colcon_core.package_identification:_identify(/home/kjcs/homogeneous-transform) by extension 'ignore_ament_install'
[1.057s] Level 1:colcon.colcon_core.package_identification:_identify(/home/kjcs/homogeneous-transform) by extensions ['colcon_pkg']
[1.057s] Level 1:colcon.colcon_core.package_identification:_identify(/home/kjcs/homogeneous-transform) by extension 'colcon_pkg'
[1.057s] Level 1:colcon.colcon_core.package_identification:_identify(/home/kjcs/homogeneous-transform) by extensions ['colcon_meta']
[1.057s] Level 1:colcon.colcon_core.package_identification:_identify(/home/kjcs/homogeneous-transform) by extension 'colcon_meta'
[1.057s] Level 1:colcon.colcon_core.package_identification:_identify(/home/kjcs/homogeneous-transform) by extensions ['ros']
[1.057s] Level 1:colcon.colcon_core.package_identification:_identify(/home/kjcs/homogeneous-transform) by extension 'ros'
[1.079s] Level 1:colcon.colcon_core.package_identification:_identify(/home/kjcs/homogeneous-transform) by extensions ['cmake', 'python']
[1.079s] Level 1:colcon.colcon_core.package_identification:_identify(/home/kjcs/homogeneous-transform) by extension 'cmake'
[1.079s] Level 1:colcon.colcon_core.package_identification:_identify(/home/kjcs/homogeneous-transform) by extension 'python'
[1.079s] Level 1:colcon.colcon_core.package_identification:_identify(/home/kjcs/homogeneous-transform) by extensions ['python_setup_py']
[1.079s] Level 1:colcon.colcon_core.package_identification:_identify(/home/kjcs/homogeneous-transform) by extension 'python_setup_py'
[1.079s] Level 1:colcon.colcon_core.package_identification:_identify(/home/kjcs/homogeneous-transform/build) by extensions ['ignore', 'ignore_ament_install']
[1.079s] Level 1:colcon.colcon_core.package_identification:_identify(/home/kjcs/homogeneous-transform/build) by extension 'ignore'
[1.079s] Level 1:colcon.colcon_core.package_identification:_identify(/home/kjcs/homogeneous-transform/build) ignored
[1.080s] Level 1:colcon.colcon_core.package_identification:_identify(/home/kjcs/homogeneous-transform/install) by extensions ['ignore', 'ignore_ament_install']
[1.080s] Level 1:colcon.colcon_core.package_identification:_identify(/home/kjcs/homogeneous-transform/install) by extension 'ignore'
[1.080s] Level 1:colcon.colcon_core.package_identification:_identify(/home/kjcs/homogeneous-transform/install) ignored
[1.080s] Level 1:colcon.colcon_core.package_identification:_identify(/home/kjcs/homogeneous-transform/log) by extensions ['ignore', 'ignore_ament_install']
[1.080s] Level 1:colcon.colcon_core.package_identification:_identify(/home/kjcs/homogeneous-transform/log) by extension 'ignore'
[1.080s] Level 1:colcon.colcon_core.package_identification:_identify(/home/kjcs/homogeneous-transform/log) ignored
[1.080s] Level 1:colcon.colcon_core.package_identification:_identify(/home/kjcs/homogeneous-transform/src) by extensions ['ignore', 'ignore_ament_install']
[1.080s] Level 1:colcon.colcon_core.package_identification:_identify(/home/kjcs/homogeneous-transform/src) by extension 'ignore'
[1.080s] Level 1:colcon.colcon_core.package_identification:_identify(/home/kjcs/homogeneous-transform/src) by extension 'ignore_ament_install'
[1.080s] Level 1:colcon.colcon_core.package_identification:_identify(/home/kjcs/homogeneous-transform/src) by extensions ['colcon_pkg']
[1.080s] Level 1:colcon.colcon_core.package_identification:_identify(/home/kjcs/homogeneous-transform/src) by extension 'colcon_pkg'
[1.080s] Level 1:colcon.colcon_core.package_identification:_identify(/home/kjcs/homogeneous-transform/src) by extensions ['colcon_meta']
[1.081s] Level 1:colcon.colcon_core.package_identification:_identify(/home/kjcs/homogeneous-transform/src) by extension 'colcon_meta'
[1.081s] Level 1:colcon.colcon_core.package_identification:_identify(/home/kjcs/homogeneous-transform/src) by extensions ['ros']
[1.081s] Level 1:colcon.colcon_core.package_identification:_identify(/home/kjcs/homogeneous-transform/src) by extension 'ros'
[1.081s] Level 1:colcon.colcon_core.package_identification:_identify(/home/kjcs/homogeneous-transform/src) by extensions ['cmake', 'python']
[1.081s] Level 1:colcon.colcon_core.package_identification:_identify(/home/kjcs/homogeneous-transform/src) by extension 'cmake'
[1.081s] Level 1:colcon.colcon_core.package_identification:_identify(/home/kjcs/homogeneous-transform/src) by extension 'python'
[1.081s] Level 1:colcon.colcon_core.package_identification:_identify(/home/kjcs/homogeneous-transform/src) by extensions ['python_setup_py']
[1.081s] Level 1:colcon.colcon_core.package_identification:_identify(/home/kjcs/homogeneous-transform/src) by extension 'python_setup_py'
[1.081s] Level 1:colcon.colcon_core.package_identification:_identify(/home/kjcs/homogeneous-transform/src/homogeneous_transform_pkg) by extensions ['ignore', 'ignore_ament_install']
[1.081s] Level 1:colcon.colcon_core.package_identification:_identify(/home/kjcs/homogeneous-transform/src/homogeneous_transform_pkg) by extension 'ignore'
[1.081s] Level 1:colcon.colcon_core.package_identification:_identify(/home/kjcs/homogeneous-transform/src/homogeneous_transform_pkg) by extension 'ignore_ament_install'
[1.081s] Level 1:colcon.colcon_core.package_identification:_identify(/home/kjcs/homogeneous-transform/src/homogeneous_transform_pkg) by extensions ['colcon_pkg']
[1.081s] Level 1:colcon.colcon_core.package_identification:_identify(/home/kjcs/homogeneous-transform/src/homogeneous_transform_pkg) by extension 'colcon_pkg'
[1.081s] Level 1:colcon.colcon_core.package_identification:_identify(/home/kjcs/homogeneous-transform/src/homogeneous_transform_pkg) by extensions ['colcon_meta']
[1.081s] Level 1:colcon.colcon_core.package_identification:_identify(/home/kjcs/homogeneous-transform/src/homogeneous_transform_pkg) by extension 'colcon_meta'
[1.081s] Level 1:colcon.colcon_core.package_identification:_identify(/home/kjcs/homogeneous-transform/src/homogeneous_transform_pkg) by extensions ['ros']
[1.082s] Level 1:colcon.colcon_core.package_identification:_identify(/home/kjcs/homogeneous-transform/src/homogeneous_transform_pkg) by extension 'ros'
[1.085s] DEBUG:colcon.colcon_core.package_identification:Package '/home/kjcs/homogeneous-transform/src/homogeneous_transform_pkg' with type 'ros.ament_cmake' and name 'homogeneous_transform_pkg'
[1.085s] Level 1:colcon.colcon_core.package_discovery:discover_packages(recursive) using defaults
