-- Found ament_cmake: 1.3.5 (/home/kjcs/ros2_humble/install/ament_cmake/share/ament_cmake/cmake)
-- Found rclcpp: 16.0.4 (/home/kjcs/ros2_humble/install/rclcpp/share/rclcpp/cmake)
-- Found rosidl_generator_c: 3.1.4 (/home/kjcs/ros2_humble/install/rosidl_generator_c/share/rosidl_generator_c/cmake)
-- Found rosidl_adapter: 3.1.4 (/home/kjcs/ros2_humble/install/rosidl_adapter/share/rosidl_adapter/cmake)
-- Found rosidl_generator_cpp: 3.1.4 (/home/kjcs/ros2_humble/install/rosidl_generator_cpp/share/rosidl_generator_cpp/cmake)
-- Using all available rosidl_typesupport_c: rosidl_typesupport_introspection_c;rosidl_typesupport_fastrtps_c
-- Using all available rosidl_typesupport_cpp: rosidl_typesupport_introspection_cpp;rosidl_typesupport_fastrtps_cpp
-- Found rmw_implementation_cmake: 6.1.1 (/home/kjcs/ros2_humble/install/rmw_implementation_cmake/share/rmw_implementation_cmake/cmake)
-- Found rmw_cyclonedds_cpp: 1.3.4 (/home/kjcs/ros2_humble/install/rmw_cyclonedds_cpp/share/rmw_cyclonedds_cpp/cmake)
-- Using RMW implementation 'rmw_cyclonedds_cpp' as default
-- Found rosidl_default_generators: 1.2.0 (/home/kjcs/ros2_humble/install/rosidl_default_generators/share/rosidl_default_generators/cmake)
-- Found ament_cmake_ros: 0.10.0 (/home/kjcs/ros2_humble/install/ament_cmake_ros/share/ament_cmake_ros/cmake)
-- Using all available rosidl_typesupport_c: rosidl_typesupport_introspection_c;rosidl_typesupport_fastrtps_c
-- Using all available rosidl_typesupport_cpp: rosidl_typesupport_introspection_cpp;rosidl_typesupport_fastrtps_cpp
-- Found python_cmake_module: 0.10.0 (/home/kjcs/ros2_humble/install/python_cmake_module/share/python_cmake_module/cmake)
-- Using PYTHON_EXECUTABLE: /usr/bin/python3
-- Using PYTHON_INCLUDE_DIRS: /usr/include/python3.10
-- Using PYTHON_LIBRARIES: /usr/lib/x86_64-linux-gnu/libpython3.10.so
-- Found ament_lint_auto: 0.12.6 (/home/kjcs/ros2_humble/install/ament_lint_auto/share/ament_lint_auto/cmake)
-- Added test 'cppcheck' to perform static code analysis on C / C++ code
-- Configured cppcheck include dirs: 
-- Configured cppcheck exclude dirs and/or files: 
-- Added test 'lint_cmake' to check CMake code style
-- Added test 'uncrustify' to check C / C++ code style
-- Configured uncrustify additional arguments: 
-- Added test 'xmllint' to check XML markup files
-- Configuring done
-- Generating done
-- Build files have been written to: /home/kjcs/homogeneous_transform_ws/build/homogeneous_transform_pkg
[35m[1mConsolidate compiler generated dependencies of target homogeneous_transform_pkg__rosidl_generator_c[0m
[  2%] [32mBuilding CXX object CMakeFiles/homogeneous_transform_server.dir/src/homogeneous_transform_server.cpp.o[0m
[  5%] Built target homogeneous_transform_pkg__cpp
[  8%] [32m[1mLinking C shared library libhomogeneous_transform_pkg__rosidl_generator_c.so[0m
[ 11%] [32mBuilding CXX object CMakeFiles/homogeneous_transform_client.dir/src/homogeneous_transform_client.cpp.o[0m
[ 14%] [34m[1mGenerating C++ type support for eProsima Fast-RTPS[0m
[ 14%] Built target ament_cmake_python_copy_homogeneous_transform_pkg
[ 17%] [34m[1mGenerating C++ introspection for ROS interfaces[0m
[ 20%] [34m[1mGenerating C++ type support dispatch for ROS interfaces[0m
[ 25%] Built target homogeneous_transform_pkg__rosidl_generator_c
[ 28%] [34m[1mGenerating C type support for eProsima Fast-RTPS[0m
[ 31%] [34m[1mGenerating C introspection for ROS interfaces[0m
[ 34%] [32mBuilding CXX object CMakeFiles/homogeneous_transform_pkg__rosidl_typesupport_fastrtps_cpp.dir/rosidl_typesupport_fastrtps_cpp/homogeneous_transform_pkg/srv/detail/dds_fastrtps/homogeneous_transform__type_support.cpp.o[0m
[ 37%] [32mBuilding CXX object CMakeFiles/homogeneous_transform_pkg__rosidl_typesupport_cpp.dir/rosidl_typesupport_cpp/homogeneous_transform_pkg/srv/homogeneous_transform__type_support.cpp.o[0m
[ 40%] [32mBuilding CXX object CMakeFiles/homogeneous_transform_pkg__rosidl_typesupport_introspection_cpp.dir/rosidl_typesupport_introspection_cpp/homogeneous_transform_pkg/srv/detail/homogeneous_transform__type_support.cpp.o[0m
running egg_info
writing homogeneous_transform_pkg.egg-info/PKG-INFO
writing dependency_links to homogeneous_transform_pkg.egg-info/dependency_links.txt
writing top-level names to homogeneous_transform_pkg.egg-info/top_level.txt
reading manifest file 'homogeneous_transform_pkg.egg-info/SOURCES.txt'
writing manifest file 'homogeneous_transform_pkg.egg-info/SOURCES.txt'
[ 42%] [32mBuilding C object CMakeFiles/homogeneous_transform_pkg__rosidl_typesupport_introspection_c.dir/rosidl_typesupport_introspection_c/homogeneous_transform_pkg/srv/detail/homogeneous_transform__type_support.c.o[0m
[ 45%] [32mBuilding CXX object CMakeFiles/homogeneous_transform_pkg__rosidl_typesupport_fastrtps_c.dir/rosidl_typesupport_fastrtps_c/homogeneous_transform_pkg/srv/detail/homogeneous_transform__type_support_c.cpp.o[0m
[ 45%] Built target ament_cmake_python_build_homogeneous_transform_pkg_egg
[ 48%] [32m[1mLinking C shared library libhomogeneous_transform_pkg__rosidl_typesupport_introspection_c.so[0m
[ 48%] Built target homogeneous_transform_pkg__rosidl_typesupport_introspection_c
[ 51%] [32m[1mLinking CXX shared library libhomogeneous_transform_pkg__rosidl_typesupport_cpp.so[0m
[ 51%] Built target homogeneous_transform_pkg__rosidl_typesupport_cpp
[ 54%] [32m[1mLinking CXX shared library libhomogeneous_transform_pkg__rosidl_typesupport_fastrtps_cpp.so[0m
[ 57%] [32m[1mLinking CXX shared library libhomogeneous_transform_pkg__rosidl_typesupport_introspection_cpp.so[0m
[ 57%] Built target homogeneous_transform_pkg__rosidl_typesupport_fastrtps_cpp
[ 57%] Built target homogeneous_transform_pkg__rosidl_typesupport_introspection_cpp
[ 60%] [32m[1mLinking CXX shared library libhomogeneous_transform_pkg__rosidl_typesupport_fastrtps_c.so[0m
[ 60%] Built target homogeneous_transform_pkg__rosidl_typesupport_fastrtps_c
