-- Found ament_cmake: 1.3.5 (/home/kjcs/ros2_humble/install/ament_cmake/share/ament_cmake/cmake)
-- Found rclcpp: 16.0.4 (/home/kjcs/ros2_humble/install/rclcpp/share/rclcpp/cmake)
-- Found rosidl_generator_c: 3.1.4 (/home/kjcs/ros2_humble/install/rosidl_generator_c/share/rosidl_generator_c/cmake)
-- Found rosidl_adapter: 3.1.4 (/home/kjcs/ros2_humble/install/rosidl_adapter/share/rosidl_adapter/cmake)
-- Found rosidl_generator_cpp: 3.1.4 (/home/kjcs/ros2_humble/install/rosidl_generator_cpp/share/rosidl_generator_cpp/cmake)
-- Using all available rosidl_typesupport_c: rosidl_typesupport_introspection_c;rosidl_typesupport_fastrtps_c
-- Using all available rosidl_typesupport_cpp: rosidl_typesupport_introspection_cpp;rosidl_typesupport_fastrtps_cpp
-- Found rmw_implementation_cmake: 6.1.1 (/home/kjcs/ros2_humble/install/rmw_implementation_cmake/share/rmw_implementation_cmake/cmake)
-- Found rmw_cyclonedds_cpp: 1.3.4 (/home/kjcs/ros2_humble/install/rmw_cyclonedds_cpp/share/rmw_cyclonedds_cpp/cmake)
-- Using RMW implementation 'rmw_cyclonedds_cpp' as default
-- Found rosidl_default_generators: 1.2.0 (/home/kjcs/ros2_humble/install/rosidl_default_generators/share/rosidl_default_generators/cmake)
-- Found ament_cmake_ros: 0.10.0 (/home/kjcs/ros2_humble/install/ament_cmake_ros/share/ament_cmake_ros/cmake)
-- Using all available rosidl_typesupport_c: rosidl_typesupport_introspection_c;rosidl_typesupport_fastrtps_c
-- Using all available rosidl_typesupport_cpp: rosidl_typesupport_introspection_cpp;rosidl_typesupport_fastrtps_cpp
-- Found python_cmake_module: 0.10.0 (/home/kjcs/ros2_humble/install/python_cmake_module/share/python_cmake_module/cmake)
-- Using PYTHON_EXECUTABLE: /usr/bin/python3
-- Using PYTHON_INCLUDE_DIRS: /usr/include/python3.10
-- Using PYTHON_LIBRARIES: /usr/lib/x86_64-linux-gnu/libpython3.10.so
-- Configuring done
-- Generating done
-- Build files have been written to: /home/kjcs/homogeneous_transform_ws/build/homogeneous_transform_pkg
[35m[1mConsolidate compiler generated dependencies of target homogeneous_transform_pkg__rosidl_generator_c[0m
[  1%] [32mBuilding CXX object CMakeFiles/homogeneous_transform_client.dir/src/homogeneous_transform_client.cpp.o[0m
[  3%] [32mBuilding C object CMakeFiles/homogeneous_transform_pkg__rosidl_generator_c.dir/rosidl_generator_c/homogeneous_transform_pkg/srv/detail/homogeneous_transform__functions.c.o[0m
[  7%] [32mBuilding C object CMakeFiles/homogeneous_transform_pkg__rosidl_generator_c.dir/rosidl_generator_c/homogeneous_transform_pkg/msg/detail/transform_response__functions.c.o[0m
[  7%] [32mBuilding C object CMakeFiles/homogeneous_transform_pkg__rosidl_generator_c.dir/rosidl_generator_c/homogeneous_transform_pkg/msg/detail/transform_request__functions.c.o[0m
[  9%] [32mBuilding CXX object CMakeFiles/homogeneous_transform_server.dir/src/homogeneous_transform_server.cpp.o[0m
[ 11%] Built target homogeneous_transform_pkg__cpp
[ 11%] Built target ament_cmake_python_copy_homogeneous_transform_pkg
[ 13%] [34m[1mGenerating C++ type support dispatch for ROS interfaces[0m
[ 15%] [34m[1mGenerating C++ type support for eProsima Fast-RTPS[0m
[ 17%] [34m[1mGenerating C++ introspection for ROS interfaces[0m
[ 19%] [32m[1mLinking C shared library libhomogeneous_transform_pkg__rosidl_generator_c.so[0m
[ 21%] Built target homogeneous_transform_pkg__rosidl_generator_c
[ 23%] [34m[1mGenerating C type support for eProsima Fast-RTPS[0m
[ 25%] [34m[1mGenerating C introspection for ROS interfaces[0m
[ 27%] [32mBuilding CXX object CMakeFiles/homogeneous_transform_pkg__rosidl_typesupport_introspection_cpp.dir/rosidl_typesupport_introspection_cpp/homogeneous_transform_pkg/msg/detail/transform_request__type_support.cpp.o[0m
[ 29%] [32mBuilding CXX object CMakeFiles/homogeneous_transform_pkg__rosidl_typesupport_introspection_cpp.dir/rosidl_typesupport_introspection_cpp/homogeneous_transform_pkg/srv/detail/homogeneous_transform__type_support.cpp.o[0m
[ 31%] [32mBuilding CXX object CMakeFiles/homogeneous_transform_pkg__rosidl_typesupport_introspection_cpp.dir/rosidl_typesupport_introspection_cpp/homogeneous_transform_pkg/msg/detail/transform_response__type_support.cpp.o[0m
running egg_info
writing homogeneous_transform_pkg.egg-info/PKG-INFO
writing dependency_links to homogeneous_transform_pkg.egg-info/dependency_links.txt
writing top-level names to homogeneous_transform_pkg.egg-info/top_level.txt
reading manifest file 'homogeneous_transform_pkg.egg-info/SOURCES.txt'
writing manifest file 'homogeneous_transform_pkg.egg-info/SOURCES.txt'
[ 33%] [32mBuilding CXX object CMakeFiles/homogeneous_transform_pkg__rosidl_typesupport_cpp.dir/rosidl_typesupport_cpp/homogeneous_transform_pkg/srv/homogeneous_transform__type_support.cpp.o[0m
[ 33%] Built target ament_cmake_python_build_homogeneous_transform_pkg_egg
[ 35%] [32mBuilding CXX object CMakeFiles/homogeneous_transform_pkg__rosidl_typesupport_cpp.dir/rosidl_typesupport_cpp/homogeneous_transform_pkg/msg/transform_request__type_support.cpp.o[0m
[ 37%] [32mBuilding CXX object CMakeFiles/homogeneous_transform_pkg__rosidl_typesupport_fastrtps_c.dir/rosidl_typesupport_fastrtps_c/homogeneous_transform_pkg/srv/detail/homogeneous_transform__type_support_c.cpp.o[0m
[ 39%] [32mBuilding CXX object CMakeFiles/homogeneous_transform_pkg__rosidl_typesupport_fastrtps_cpp.dir/rosidl_typesupport_fastrtps_cpp/homogeneous_transform_pkg/srv/detail/dds_fastrtps/homogeneous_transform__type_support.cpp.o[0m
[ 41%] [32mBuilding CXX object CMakeFiles/homogeneous_transform_pkg__rosidl_typesupport_fastrtps_cpp.dir/rosidl_typesupport_fastrtps_cpp/homogeneous_transform_pkg/msg/detail/dds_fastrtps/transform_request__type_support.cpp.o[0m
[ 43%] [32mBuilding C object CMakeFiles/homogeneous_transform_pkg__rosidl_typesupport_introspection_c.dir/rosidl_typesupport_introspection_c/homogeneous_transform_pkg/srv/detail/homogeneous_transform__type_support.c.o[0m
[ 45%] [32mBuilding CXX object CMakeFiles/homogeneous_transform_pkg__rosidl_typesupport_fastrtps_cpp.dir/rosidl_typesupport_fastrtps_cpp/homogeneous_transform_pkg/msg/detail/dds_fastrtps/transform_response__type_support.cpp.o[0m
[ 47%] [32m[1mLinking CXX shared library libhomogeneous_transform_pkg__rosidl_typesupport_introspection_cpp.so[0m
[ 49%] [32mBuilding CXX object CMakeFiles/homogeneous_transform_pkg__rosidl_typesupport_cpp.dir/rosidl_typesupport_cpp/homogeneous_transform_pkg/msg/transform_response__type_support.cpp.o[0m
[ 50%] [32mBuilding CXX object CMakeFiles/homogeneous_transform_pkg__rosidl_typesupport_fastrtps_c.dir/rosidl_typesupport_fastrtps_c/homogeneous_transform_pkg/msg/detail/transform_request__type_support_c.cpp.o[0m
[ 52%] [32mBuilding C object CMakeFiles/homogeneous_transform_pkg__rosidl_typesupport_introspection_c.dir/rosidl_typesupport_introspection_c/homogeneous_transform_pkg/msg/detail/transform_request__type_support.c.o[0m
[ 54%] [32mBuilding C object CMakeFiles/homogeneous_transform_pkg__rosidl_typesupport_introspection_c.dir/rosidl_typesupport_introspection_c/homogeneous_transform_pkg/msg/detail/transform_response__type_support.c.o[0m
[ 54%] Built target homogeneous_transform_pkg__rosidl_typesupport_introspection_cpp
[ 56%] [32m[1mLinking C shared library libhomogeneous_transform_pkg__rosidl_typesupport_introspection_c.so[0m
[ 58%] [32mBuilding CXX object CMakeFiles/homogeneous_transform_pkg__rosidl_typesupport_fastrtps_c.dir/rosidl_typesupport_fastrtps_c/homogeneous_transform_pkg/msg/detail/transform_response__type_support_c.cpp.o[0m
[ 60%] [32m[1mLinking CXX shared library libhomogeneous_transform_pkg__rosidl_typesupport_cpp.so[0m
[ 60%] Built target homogeneous_transform_pkg__rosidl_typesupport_introspection_c
[ 62%] [32m[1mLinking CXX shared library libhomogeneous_transform_pkg__rosidl_typesupport_fastrtps_cpp.so[0m
[ 62%] Built target homogeneous_transform_pkg__rosidl_typesupport_cpp
[ 62%] Built target homogeneous_transform_pkg__rosidl_typesupport_fastrtps_cpp
[ 64%] [32m[1mLinking CXX shared library libhomogeneous_transform_pkg__rosidl_typesupport_fastrtps_c.so[0m
[ 64%] Built target homogeneous_transform_pkg__rosidl_typesupport_fastrtps_c
