[0.042s] Invoking command in '/home/kjcs/homogeneous_transform_ws/build/homogeneous_transform_pkg': CMAKE_PREFIX_PATH=${CMAKE_PREFIX_PATH}:/home/kjcs/ws_moveit2/install/moveit_configs_utils:/home/kjcs/ws_moveit2/install/launch_param_builder:/home/kjcs/ros2_humble/install/rqt_bag_plugins:/home/kjcs/ros2_humble/install/rqt_bag:/home/kjcs/ros2_humble/install/ros2bag:/home/kjcs/ros2_humble/install/tracetools_test:/home/kjcs/ros2_humble/install/tracetools_launch:/home/kjcs/ros2_humble/install/topic_monitor:/home/kjcs/ros2_humble/install/tf2_tools:/home/kjcs/ros2_humble/install/examples_tf2_py:/home/kjcs/ros2_humble/install/tf2_ros_py:/home/kjcs/ros2_humble/install/sros2:/home/kjcs/ros2_humble/install/rqt_topic:/home/kjcs/ros2_humble/install/rqt_srv:/home/kjcs/ros2_humble/install/rqt_shell:/home/kjcs/ros2_humble/install/rqt_service_caller:/home/kjcs/ros2_humble/install/rqt_reconfigure:/home/kjcs/ros2_humble/install/rqt_py_console:/home/kjcs/ros2_humble/install/rqt_publisher:/home/kjcs/ros2_humble/install/rqt_plot:/home/kjcs/ros2_humble/install/rqt_action:/home/kjcs/ros2_humble/install/rqt_msg:/home/kjcs/ros2_humble/install/rqt_console:/home/kjcs/ros2_humble/install/rqt:/home/kjcs/ros2_humble/install/rqt_graph:/home/kjcs/ros2_humble/install/rqt_gui_py:/home/kjcs/ros2_humble/install/rqt_gui:/home/kjcs/ros2_humble/install/ros2trace:/home/kjcs/ros2_humble/install/ros2topic:/home/kjcs/ros2_humble/install/ros2test:/home/kjcs/ros2_humble/install/ros2component:/home/kjcs/ros2_humble/install/ros2param:/home/kjcs/ros2_humble/install/ros2lifecycle:/home/kjcs/ros2_humble/install/ros2service:/home/kjcs/ros2_humble/install/ros2run:/home/kjcs/ros2_humble/install/ros2launch:/home/kjcs/ros2_humble/install/ros2pkg:/home/kjcs/ros2_humble/install/ros2node:/home/kjcs/ros2_humble/install/ros2multicast:/home/kjcs/ros2_humble/install/ros2interface:/home/kjcs/ros2_humble/install/ros2doctor:/home/kjcs/ros2_humble/install/ros2action:/home/kjcs/ros2_humble/install/ros2cli:/home/kjcs/ros2_humble/install/quality_of_service_demo_py:/home/kjcs/ros2_humble/install/lifecycle_py:/home/kjcs/ros2_humble/install/launch_testing_ros:/home/kjcs/ros2_humble/install/launch_ros:/home/kjcs/ros2_humble/install/examples_rclpy_pointcloud_publisher:/home/kjcs/ros2_humble/install/examples_rclpy_minimal_subscriber:/home/kjcs/ros2_humble/install/examples_rclpy_minimal_service:/home/kjcs/ros2_humble/install/examples_rclpy_minimal_publisher:/home/kjcs/ros2_humble/install/examples_rclpy_minimal_client:/home/kjcs/ros2_humble/install/examples_rclpy_minimal_action_server:/home/kjcs/ros2_humble/install/examples_rclpy_minimal_action_client:/home/kjcs/ros2_humble/install/examples_rclpy_guard_conditions:/home/kjcs/ros2_humble/install/examples_rclpy_executors:/home/kjcs/ros2_humble/install/demo_nodes_py:/home/kjcs/ros2_humble/install/action_tutorials_py:/home/kjcs/ros2_humble/install/ament_uncrustify:/home/kjcs/ros2_humble/install/tracetools_trace:/home/kjcs/ros2_humble/install/tracetools_read:/home/kjcs/ros2_humble/install/test_tracetools_launch:/home/kjcs/ros2_humble/install/test_launch_ros:/home/kjcs/ros2_humble/install/sensor_msgs_py:/home/kjcs/ros2_humble/install/rpyutils:/home/kjcs/ros2_humble/install/rosidl_runtime_py:/home/kjcs/ros2_humble/install/rosidl_cli:/home/kjcs/ros2_humble/install/launch_pytest:/home/kjcs/ros2_humble/install/launch_testing:/home/kjcs/ros2_humble/install/launch_yaml:/home/kjcs/ros2_humble/install/launch_xml:/home/kjcs/ros2_humble/install/launch:/home/kjcs/ros2_humble/install/osrf_pycommon:/home/kjcs/ros2_humble/install/launch_testing_examples:/home/kjcs/ros2_humble/install/domain_coordinator:/home/kjcs/ros2_humble/install/ament_xmllint:/home/kjcs/ros2_humble/install/ament_pyflakes:/home/kjcs/ros2_humble/install/ament_pycodestyle:/home/kjcs/ros2_humble/install/ament_pep257:/home/kjcs/ros2_humble/install/ament_pclint:/home/kjcs/ros2_humble/install/ament_package:/home/kjcs/ros2_humble/install/ament_mypy:/home/kjcs/ros2_humble/install/ament_lint_cmake:/home/kjcs/ros2_humble/install/ament_flake8:/home/kjcs/ros2_humble/install/ament_copyright:/home/kjcs/ros2_humble/install/ament_lint:/home/kjcs/ros2_humble/install/ament_index_python:/home/kjcs/ros2_humble/install/ament_cpplint:/home/kjcs/ros2_humble/install/ament_cppcheck:/home/kjcs/ros2_humble/install/ament_clang_tidy:/home/kjcs/ros2_humble/install/ament_clang_format:/opt/ros/humble /usr/bin/cmake --build /home/kjcs/homogeneous_transform_ws/build/homogeneous_transform_pkg -- -j8 -l8
[0.085s] -- Found ament_cmake: 1.3.5 (/home/kjcs/ros2_humble/install/ament_cmake/share/ament_cmake/cmake)
[0.392s] -- Found rclcpp: 16.0.4 (/home/kjcs/ros2_humble/install/rclcpp/share/rclcpp/cmake)
[0.416s] -- Found rosidl_generator_c: 3.1.4 (/home/kjcs/ros2_humble/install/rosidl_generator_c/share/rosidl_generator_c/cmake)
[0.417s] -- Found rosidl_adapter: 3.1.4 (/home/kjcs/ros2_humble/install/rosidl_adapter/share/rosidl_adapter/cmake)
[0.422s] -- Found rosidl_generator_cpp: 3.1.4 (/home/kjcs/ros2_humble/install/rosidl_generator_cpp/share/rosidl_generator_cpp/cmake)
[0.454s] -- Using all available rosidl_typesupport_c: rosidl_typesupport_introspection_c;rosidl_typesupport_fastrtps_c
[0.487s] -- Using all available rosidl_typesupport_cpp: rosidl_typesupport_introspection_cpp;rosidl_typesupport_fastrtps_cpp
[0.548s] -- Found rmw_implementation_cmake: 6.1.1 (/home/kjcs/ros2_humble/install/rmw_implementation_cmake/share/rmw_implementation_cmake/cmake)
[0.571s] -- Found rmw_cyclonedds_cpp: 1.3.4 (/home/kjcs/ros2_humble/install/rmw_cyclonedds_cpp/share/rmw_cyclonedds_cpp/cmake)
[0.613s] -- Using RMW implementation 'rmw_cyclonedds_cpp' as default
[0.713s] -- Found rosidl_default_generators: 1.2.0 (/home/kjcs/ros2_humble/install/rosidl_default_generators/share/rosidl_default_generators/cmake)
[1.316s] -- Found ament_cmake_ros: 0.10.0 (/home/kjcs/ros2_humble/install/ament_cmake_ros/share/ament_cmake_ros/cmake)
[2.016s] -- Using all available rosidl_typesupport_c: rosidl_typesupport_introspection_c;rosidl_typesupport_fastrtps_c
[2.310s] -- Using all available rosidl_typesupport_cpp: rosidl_typesupport_introspection_cpp;rosidl_typesupport_fastrtps_cpp
[2.360s] -- Found python_cmake_module: 0.10.0 (/home/kjcs/ros2_humble/install/python_cmake_module/share/python_cmake_module/cmake)
[2.414s] -- Using PYTHON_EXECUTABLE: /usr/bin/python3
[2.414s] -- Using PYTHON_INCLUDE_DIRS: /usr/include/python3.10
[2.414s] -- Using PYTHON_LIBRARIES: /usr/lib/x86_64-linux-gnu/libpython3.10.so
[2.855s] -- Configuring done
[2.889s] -- Generating done
[2.891s] -- Build files have been written to: /home/kjcs/homogeneous_transform_ws/build/homogeneous_transform_pkg
[2.938s] [35m[1mConsolidate compiler generated dependencies of target homogeneous_transform_pkg__rosidl_generator_c[0m
[2.970s] [  1%] [32mBuilding CXX object CMakeFiles/homogeneous_transform_client.dir/src/homogeneous_transform_client.cpp.o[0m
[2.978s] [  3%] [32mBuilding C object CMakeFiles/homogeneous_transform_pkg__rosidl_generator_c.dir/rosidl_generator_c/homogeneous_transform_pkg/srv/detail/homogeneous_transform__functions.c.o[0m
[2.978s] [  7%] [32mBuilding C object CMakeFiles/homogeneous_transform_pkg__rosidl_generator_c.dir/rosidl_generator_c/homogeneous_transform_pkg/msg/detail/transform_response__functions.c.o[0m
[2.978s] [  7%] [32mBuilding C object CMakeFiles/homogeneous_transform_pkg__rosidl_generator_c.dir/rosidl_generator_c/homogeneous_transform_pkg/msg/detail/transform_request__functions.c.o[0m
[2.988s] [  9%] [32mBuilding CXX object CMakeFiles/homogeneous_transform_server.dir/src/homogeneous_transform_server.cpp.o[0m
[2.989s] [ 11%] Built target homogeneous_transform_pkg__cpp
[3.004s] [ 11%] Built target ament_cmake_python_copy_homogeneous_transform_pkg
[3.039s] [ 13%] [34m[1mGenerating C++ type support dispatch for ROS interfaces[0m
[3.054s] [ 15%] [34m[1mGenerating C++ type support for eProsima Fast-RTPS[0m
[3.064s] [ 17%] [34m[1mGenerating C++ introspection for ROS interfaces[0m
[3.092s] [ 19%] [32m[1mLinking C shared library libhomogeneous_transform_pkg__rosidl_generator_c.so[0m
[3.198s] [ 21%] Built target homogeneous_transform_pkg__rosidl_generator_c
[3.217s] [01m[K/home/kjcs/homogeneous_transform_ws/src/homogeneous_transform_pkg/src/homogeneous_transform_client.cpp:2:10:[m[K [01;31m[Kfatal error: [m[Khomogeneous_transform_pkg/srv/homogeneous_transform.hpp: Arquivo ou diretório inexistente
[3.217s]     2 | #include [01;31m[K"homogeneous_transform_pkg/srv/homogeneous_transform.hpp"[m[K
[3.218s]       |          [01;31m[K^~~~~~~~~~~~~~~~~~~~~~~~~~~~~~~~~~~~~~~~~~~~~~~~~~~~~~~~~[m[K
[3.218s] compilation terminated.
[3.220s] gmake[2]: *** [CMakeFiles/homogeneous_transform_client.dir/build.make:76: CMakeFiles/homogeneous_transform_client.dir/src/homogeneous_transform_client.cpp.o] Erro 1
[3.220s] gmake[1]: *** [CMakeFiles/Makefile2:620: CMakeFiles/homogeneous_transform_client.dir/all] Erro 2
[3.220s] gmake[1]: ** Esperando que outros processos terminem.
[3.249s] [ 23%] [34m[1mGenerating C type support for eProsima Fast-RTPS[0m
[3.253s] [ 25%] [34m[1mGenerating C introspection for ROS interfaces[0m
[3.285s] [01m[K/home/kjcs/homogeneous_transform_ws/src/homogeneous_transform_pkg/src/homogeneous_transform_server.cpp:2:10:[m[K [01;31m[Kfatal error: [m[Khomogeneous_transform_pkg/srv/homogeneous_transform.hpp: Arquivo ou diretório inexistente
[3.285s]     2 | #include [01;31m[K"homogeneous_transform_pkg/srv/homogeneous_transform.hpp"[m[K
[3.285s]       |          [01;31m[K^~~~~~~~~~~~~~~~~~~~~~~~~~~~~~~~~~~~~~~~~~~~~~~~~~~~~~~~~[m[K
[3.285s] compilation terminated.
[3.288s] gmake[2]: *** [CMakeFiles/homogeneous_transform_server.dir/build.make:76: CMakeFiles/homogeneous_transform_server.dir/src/homogeneous_transform_server.cpp.o] Erro 1
[3.288s] gmake[1]: *** [CMakeFiles/Makefile2:594: CMakeFiles/homogeneous_transform_server.dir/all] Erro 2
[3.660s] [ 27%] [32mBuilding CXX object CMakeFiles/homogeneous_transform_pkg__rosidl_typesupport_introspection_cpp.dir/rosidl_typesupport_introspection_cpp/homogeneous_transform_pkg/msg/detail/transform_request__type_support.cpp.o[0m
[3.665s] [ 29%] [32mBuilding CXX object CMakeFiles/homogeneous_transform_pkg__rosidl_typesupport_introspection_cpp.dir/rosidl_typesupport_introspection_cpp/homogeneous_transform_pkg/srv/detail/homogeneous_transform__type_support.cpp.o[0m
[3.666s] [ 31%] [32mBuilding CXX object CMakeFiles/homogeneous_transform_pkg__rosidl_typesupport_introspection_cpp.dir/rosidl_typesupport_introspection_cpp/homogeneous_transform_pkg/msg/detail/transform_response__type_support.cpp.o[0m
[3.850s] running egg_info
[3.851s] writing homogeneous_transform_pkg.egg-info/PKG-INFO
[3.852s] writing dependency_links to homogeneous_transform_pkg.egg-info/dependency_links.txt
[3.853s] writing top-level names to homogeneous_transform_pkg.egg-info/top_level.txt
[3.857s] reading manifest file 'homogeneous_transform_pkg.egg-info/SOURCES.txt'
[3.858s] writing manifest file 'homogeneous_transform_pkg.egg-info/SOURCES.txt'
[3.881s] [ 33%] [32mBuilding CXX object CMakeFiles/homogeneous_transform_pkg__rosidl_typesupport_cpp.dir/rosidl_typesupport_cpp/homogeneous_transform_pkg/srv/homogeneous_transform__type_support.cpp.o[0m
[3.914s] [ 33%] Built target ament_cmake_python_build_homogeneous_transform_pkg_egg
[3.943s] [ 35%] [32mBuilding CXX object CMakeFiles/homogeneous_transform_pkg__rosidl_typesupport_cpp.dir/rosidl_typesupport_cpp/homogeneous_transform_pkg/msg/transform_request__type_support.cpp.o[0m
[4.028s] [ 37%] [32mBuilding CXX object CMakeFiles/homogeneous_transform_pkg__rosidl_typesupport_fastrtps_c.dir/rosidl_typesupport_fastrtps_c/homogeneous_transform_pkg/srv/detail/homogeneous_transform__type_support_c.cpp.o[0m
[4.064s] [ 39%] [32mBuilding CXX object CMakeFiles/homogeneous_transform_pkg__rosidl_typesupport_fastrtps_cpp.dir/rosidl_typesupport_fastrtps_cpp/homogeneous_transform_pkg/srv/detail/dds_fastrtps/homogeneous_transform__type_support.cpp.o[0m
[4.213s] [ 41%] [32mBuilding CXX object CMakeFiles/homogeneous_transform_pkg__rosidl_typesupport_fastrtps_cpp.dir/rosidl_typesupport_fastrtps_cpp/homogeneous_transform_pkg/msg/detail/dds_fastrtps/transform_request__type_support.cpp.o[0m
[4.218s] [ 43%] [32mBuilding C object CMakeFiles/homogeneous_transform_pkg__rosidl_typesupport_introspection_c.dir/rosidl_typesupport_introspection_c/homogeneous_transform_pkg/srv/detail/homogeneous_transform__type_support.c.o[0m
[4.221s] [ 45%] [32mBuilding CXX object CMakeFiles/homogeneous_transform_pkg__rosidl_typesupport_fastrtps_cpp.dir/rosidl_typesupport_fastrtps_cpp/homogeneous_transform_pkg/msg/detail/dds_fastrtps/transform_response__type_support.cpp.o[0m
[4.237s] [ 47%] [32m[1mLinking CXX shared library libhomogeneous_transform_pkg__rosidl_typesupport_introspection_cpp.so[0m
[4.255s] [ 49%] [32mBuilding CXX object CMakeFiles/homogeneous_transform_pkg__rosidl_typesupport_cpp.dir/rosidl_typesupport_cpp/homogeneous_transform_pkg/msg/transform_response__type_support.cpp.o[0m
[4.315s] [ 50%] [32mBuilding CXX object CMakeFiles/homogeneous_transform_pkg__rosidl_typesupport_fastrtps_c.dir/rosidl_typesupport_fastrtps_c/homogeneous_transform_pkg/msg/detail/transform_request__type_support_c.cpp.o[0m
[4.317s] [ 52%] [32mBuilding C object CMakeFiles/homogeneous_transform_pkg__rosidl_typesupport_introspection_c.dir/rosidl_typesupport_introspection_c/homogeneous_transform_pkg/msg/detail/transform_request__type_support.c.o[0m
[4.408s] [ 54%] [32mBuilding C object CMakeFiles/homogeneous_transform_pkg__rosidl_typesupport_introspection_c.dir/rosidl_typesupport_introspection_c/homogeneous_transform_pkg/msg/detail/transform_response__type_support.c.o[0m
[4.500s] [ 54%] Built target homogeneous_transform_pkg__rosidl_typesupport_introspection_cpp
[4.534s] [ 56%] [32m[1mLinking C shared library libhomogeneous_transform_pkg__rosidl_typesupport_introspection_c.so[0m
[4.543s] [ 58%] [32mBuilding CXX object CMakeFiles/homogeneous_transform_pkg__rosidl_typesupport_fastrtps_c.dir/rosidl_typesupport_fastrtps_c/homogeneous_transform_pkg/msg/detail/transform_response__type_support_c.cpp.o[0m
[4.600s] [ 60%] [32m[1mLinking CXX shared library libhomogeneous_transform_pkg__rosidl_typesupport_cpp.so[0m
[4.608s] [ 60%] Built target homogeneous_transform_pkg__rosidl_typesupport_introspection_c
[4.690s] [ 62%] [32m[1mLinking CXX shared library libhomogeneous_transform_pkg__rosidl_typesupport_fastrtps_cpp.so[0m
[4.701s] [ 62%] Built target homogeneous_transform_pkg__rosidl_typesupport_cpp
[4.823s] [ 62%] Built target homogeneous_transform_pkg__rosidl_typesupport_fastrtps_cpp
[4.837s] [ 64%] [32m[1mLinking CXX shared library libhomogeneous_transform_pkg__rosidl_typesupport_fastrtps_c.so[0m
[4.913s] [ 64%] Built target homogeneous_transform_pkg__rosidl_typesupport_fastrtps_c
[4.914s] gmake: *** [Makefile:146: all] Erro 2
[4.915s] Invoked command in '/home/kjcs/homogeneous_transform_ws/build/homogeneous_transform_pkg' returned '2': CMAKE_PREFIX_PATH=${CMAKE_PREFIX_PATH}:/home/kjcs/ws_moveit2/install/moveit_configs_utils:/home/kjcs/ws_moveit2/install/launch_param_builder:/home/kjcs/ros2_humble/install/rqt_bag_plugins:/home/kjcs/ros2_humble/install/rqt_bag:/home/kjcs/ros2_humble/install/ros2bag:/home/kjcs/ros2_humble/install/tracetools_test:/home/kjcs/ros2_humble/install/tracetools_launch:/home/kjcs/ros2_humble/install/topic_monitor:/home/kjcs/ros2_humble/install/tf2_tools:/home/kjcs/ros2_humble/install/examples_tf2_py:/home/kjcs/ros2_humble/install/tf2_ros_py:/home/kjcs/ros2_humble/install/sros2:/home/kjcs/ros2_humble/install/rqt_topic:/home/kjcs/ros2_humble/install/rqt_srv:/home/kjcs/ros2_humble/install/rqt_shell:/home/kjcs/ros2_humble/install/rqt_service_caller:/home/kjcs/ros2_humble/install/rqt_reconfigure:/home/kjcs/ros2_humble/install/rqt_py_console:/home/kjcs/ros2_humble/install/rqt_publisher:/home/kjcs/ros2_humble/install/rqt_plot:/home/kjcs/ros2_humble/install/rqt_action:/home/kjcs/ros2_humble/install/rqt_msg:/home/kjcs/ros2_humble/install/rqt_console:/home/kjcs/ros2_humble/install/rqt:/home/kjcs/ros2_humble/install/rqt_graph:/home/kjcs/ros2_humble/install/rqt_gui_py:/home/kjcs/ros2_humble/install/rqt_gui:/home/kjcs/ros2_humble/install/ros2trace:/home/kjcs/ros2_humble/install/ros2topic:/home/kjcs/ros2_humble/install/ros2test:/home/kjcs/ros2_humble/install/ros2component:/home/kjcs/ros2_humble/install/ros2param:/home/kjcs/ros2_humble/install/ros2lifecycle:/home/kjcs/ros2_humble/install/ros2service:/home/kjcs/ros2_humble/install/ros2run:/home/kjcs/ros2_humble/install/ros2launch:/home/kjcs/ros2_humble/install/ros2pkg:/home/kjcs/ros2_humble/install/ros2node:/home/kjcs/ros2_humble/install/ros2multicast:/home/kjcs/ros2_humble/install/ros2interface:/home/kjcs/ros2_humble/install/ros2doctor:/home/kjcs/ros2_humble/install/ros2action:/home/kjcs/ros2_humble/install/ros2cli:/home/kjcs/ros2_humble/install/quality_of_service_demo_py:/home/kjcs/ros2_humble/install/lifecycle_py:/home/kjcs/ros2_humble/install/launch_testing_ros:/home/kjcs/ros2_humble/install/launch_ros:/home/kjcs/ros2_humble/install/examples_rclpy_pointcloud_publisher:/home/kjcs/ros2_humble/install/examples_rclpy_minimal_subscriber:/home/kjcs/ros2_humble/install/examples_rclpy_minimal_service:/home/kjcs/ros2_humble/install/examples_rclpy_minimal_publisher:/home/kjcs/ros2_humble/install/examples_rclpy_minimal_client:/home/kjcs/ros2_humble/install/examples_rclpy_minimal_action_server:/home/kjcs/ros2_humble/install/examples_rclpy_minimal_action_client:/home/kjcs/ros2_humble/install/examples_rclpy_guard_conditions:/home/kjcs/ros2_humble/install/examples_rclpy_executors:/home/kjcs/ros2_humble/install/demo_nodes_py:/home/kjcs/ros2_humble/install/action_tutorials_py:/home/kjcs/ros2_humble/install/ament_uncrustify:/home/kjcs/ros2_humble/install/tracetools_trace:/home/kjcs/ros2_humble/install/tracetools_read:/home/kjcs/ros2_humble/install/test_tracetools_launch:/home/kjcs/ros2_humble/install/test_launch_ros:/home/kjcs/ros2_humble/install/sensor_msgs_py:/home/kjcs/ros2_humble/install/rpyutils:/home/kjcs/ros2_humble/install/rosidl_runtime_py:/home/kjcs/ros2_humble/install/rosidl_cli:/home/kjcs/ros2_humble/install/launch_pytest:/home/kjcs/ros2_humble/install/launch_testing:/home/kjcs/ros2_humble/install/launch_yaml:/home/kjcs/ros2_humble/install/launch_xml:/home/kjcs/ros2_humble/install/launch:/home/kjcs/ros2_humble/install/osrf_pycommon:/home/kjcs/ros2_humble/install/launch_testing_examples:/home/kjcs/ros2_humble/install/domain_coordinator:/home/kjcs/ros2_humble/install/ament_xmllint:/home/kjcs/ros2_humble/install/ament_pyflakes:/home/kjcs/ros2_humble/install/ament_pycodestyle:/home/kjcs/ros2_humble/install/ament_pep257:/home/kjcs/ros2_humble/install/ament_pclint:/home/kjcs/ros2_humble/install/ament_package:/home/kjcs/ros2_humble/install/ament_mypy:/home/kjcs/ros2_humble/install/ament_lint_cmake:/home/kjcs/ros2_humble/install/ament_flake8:/home/kjcs/ros2_humble/install/ament_copyright:/home/kjcs/ros2_humble/install/ament_lint:/home/kjcs/ros2_humble/install/ament_index_python:/home/kjcs/ros2_humble/install/ament_cpplint:/home/kjcs/ros2_humble/install/ament_cppcheck:/home/kjcs/ros2_humble/install/ament_clang_tidy:/home/kjcs/ros2_humble/install/ament_clang_format:/opt/ros/humble /usr/bin/cmake --build /home/kjcs/homogeneous_transform_ws/build/homogeneous_transform_pkg -- -j8 -l8
