[0.481s] DEBUG:colcon:Command line arguments: ['/usr/bin/colcon', 'build', '--packages-select', 'homogeneous_transform_pkg']
[0.481s] DEBUG:colcon:Parsed command line arguments: Namespace(log_base=None, log_level=None, verb_name='build', build_base='build', install_base='install', merge_install=False, symlink_install=False, test_result_base=None, continue_on_error=False, executor='parallel', parallel_workers=8, event_handlers=None, ignore_user_meta=False, metas=['./colcon.meta'], base_paths=['.'], packages_ignore=None, packages_ignore_regex=None, paths=None, packages_up_to=None, packages_up_to_regex=None, packages_above=None, packages_above_and_dependencies=None, packages_above_depth=None, packages_select_by_dep=None, packages_skip_by_dep=None, packages_skip_up_to=None, packages_select_build_failed=False, packages_skip_build_finished=False, packages_select_test_failures=False, packages_skip_test_passed=False, packages_select=['homogeneous_transform_pkg'], packages_skip=None, packages_select_regex=None, packages_skip_regex=None, packages_start=None, packages_end=None, allow_overriding=[], cmake_args=None, cmake_target=None, cmake_target_skip_unavailable=False, cmake_clean_cache=False, cmake_clean_first=False, cmake_force_configure=False, ament_cmake_args=None, catkin_cmake_args=None, catkin_skip_building_tests=False, mixin_files=None, mixin=None, verb_parser=<colcon_mixin.mixin.mixin_argument.MixinArgumentDecorator object at 0x7fe962dd6cb0>, verb_extension=<colcon_core.verb.build.BuildVerb object at 0x7fe962d12740>, main=<bound method BuildVerb.main of <colcon_core.verb.build.BuildVerb object at 0x7fe962d12740>>, mixin_verb=('build',))
[0.517s] Level 1:colcon.colcon_core.package_discovery:discover_packages(colcon_meta) check parameters
[0.517s] Level 1:colcon.colcon_core.package_discovery:discover_packages(recursive) check parameters
[0.517s] Level 1:colcon.colcon_core.package_discovery:discover_packages(ignore) check parameters
[0.517s] Level 1:colcon.colcon_core.package_discovery:discover_packages(path) check parameters
[0.517s] Level 1:colcon.colcon_core.package_discovery:discover_packages(colcon_meta) discover
[0.517s] Level 1:colcon.colcon_core.package_discovery:discover_packages(recursive) discover
[0.517s] INFO:colcon.colcon_core.package_discovery:Crawling recursively for packages in '/home/kjcs/homogeneous_transform_ws'
[0.517s] Level 1:colcon.colcon_core.package_identification:_identify(.) by extensions ['ignore', 'ignore_ament_install']
[0.518s] Level 1:colcon.colcon_core.package_identification:_identify(.) by extension 'ignore'
[0.518s] Level 1:colcon.colcon_core.package_identification:_identify(.) by extension 'ignore_ament_install'
[0.518s] Level 1:colcon.colcon_core.package_identification:_identify(.) by extensions ['colcon_pkg']
[0.518s] Level 1:colcon.colcon_core.package_identification:_identify(.) by extension 'colcon_pkg'
[0.518s] Level 1:colcon.colcon_core.package_identification:_identify(.) by extensions ['colcon_meta']
[0.518s] Level 1:colcon.colcon_core.package_identification:_identify(.) by extension 'colcon_meta'
[0.518s] Level 1:colcon.colcon_core.package_identification:_identify(.) by extensions ['ros']
[0.518s] Level 1:colcon.colcon_core.package_identification:_identify(.) by extension 'ros'
[0.528s] Level 1:colcon.colcon_core.package_identification:_identify(.) by extensions ['cmake', 'python']
[0.528s] Level 1:colcon.colcon_core.package_identification:_identify(.) by extension 'cmake'
[0.528s] Level 1:colcon.colcon_core.package_identification:_identify(.) by extension 'python'
[0.528s] Level 1:colcon.colcon_core.package_identification:_identify(.) by extensions ['python_setup_py']
[0.528s] Level 1:colcon.colcon_core.package_identification:_identify(.) by extension 'python_setup_py'
[0.528s] Level 1:colcon.colcon_core.package_identification:_identify(build) by extensions ['ignore', 'ignore_ament_install']
[0.528s] Level 1:colcon.colcon_core.package_identification:_identify(build) by extension 'ignore'
[0.528s] Level 1:colcon.colcon_core.package_identification:_identify(build) ignored
[0.528s] Level 1:colcon.colcon_core.package_identification:_identify(install) by extensions ['ignore', 'ignore_ament_install']
[0.528s] Level 1:colcon.colcon_core.package_identification:_identify(install) by extension 'ignore'
[0.528s] Level 1:colcon.colcon_core.package_identification:_identify(install) ignored
[0.528s] Level 1:colcon.colcon_core.package_identification:_identify(log) by extensions ['ignore', 'ignore_ament_install']
[0.528s] Level 1:colcon.colcon_core.package_identification:_identify(log) by extension 'ignore'
[0.528s] Level 1:colcon.colcon_core.package_identification:_identify(log) ignored
[0.528s] Level 1:colcon.colcon_core.package_identification:_identify(src) by extensions ['ignore', 'ignore_ament_install']
[0.529s] Level 1:colcon.colcon_core.package_identification:_identify(src) by extension 'ignore'
[0.529s] Level 1:colcon.colcon_core.package_identification:_identify(src) by extension 'ignore_ament_install'
[0.529s] Level 1:colcon.colcon_core.package_identification:_identify(src) by extensions ['colcon_pkg']
[0.529s] Level 1:colcon.colcon_core.package_identification:_identify(src) by extension 'colcon_pkg'
[0.529s] Level 1:colcon.colcon_core.package_identification:_identify(src) by extensions ['colcon_meta']
[0.529s] Level 1:colcon.colcon_core.package_identification:_identify(src) by extension 'colcon_meta'
[0.529s] Level 1:colcon.colcon_core.package_identification:_identify(src) by extensions ['ros']
[0.529s] Level 1:colcon.colcon_core.package_identification:_identify(src) by extension 'ros'
[0.529s] Level 1:colcon.colcon_core.package_identification:_identify(src) by extensions ['cmake', 'python']
[0.529s] Level 1:colcon.colcon_core.package_identification:_identify(src) by extension 'cmake'
[0.529s] Level 1:colcon.colcon_core.package_identification:_identify(src) by extension 'python'
[0.529s] Level 1:colcon.colcon_core.package_identification:_identify(src) by extensions ['python_setup_py']
[0.529s] Level 1:colcon.colcon_core.package_identification:_identify(src) by extension 'python_setup_py'
[0.529s] Level 1:colcon.colcon_core.package_identification:_identify(src/homogeneous_transform_pkg) by extensions ['ignore', 'ignore_ament_install']
[0.529s] Level 1:colcon.colcon_core.package_identification:_identify(src/homogeneous_transform_pkg) by extension 'ignore'
[0.529s] Level 1:colcon.colcon_core.package_identification:_identify(src/homogeneous_transform_pkg) by extension 'ignore_ament_install'
[0.529s] Level 1:colcon.colcon_core.package_identification:_identify(src/homogeneous_transform_pkg) by extensions ['colcon_pkg']
[0.529s] Level 1:colcon.colcon_core.package_identification:_identify(src/homogeneous_transform_pkg) by extension 'colcon_pkg'
[0.529s] Level 1:colcon.colcon_core.package_identification:_identify(src/homogeneous_transform_pkg) by extensions ['colcon_meta']
[0.529s] Level 1:colcon.colcon_core.package_identification:_identify(src/homogeneous_transform_pkg) by extension 'colcon_meta'
[0.529s] Level 1:colcon.colcon_core.package_identification:_identify(src/homogeneous_transform_pkg) by extensions ['ros']
[0.529s] Level 1:colcon.colcon_core.package_identification:_identify(src/homogeneous_transform_pkg) by extension 'ros'
[0.531s] DEBUG:colcon.colcon_core.package_identification:Package 'src/homogeneous_transform_pkg' with type 'ros.ament_cmake' and name 'homogeneous_transform_pkg'
[0.531s] Level 1:colcon.colcon_core.package_discovery:discover_packages(recursive) using defaults
[0.531s] Level 1:colcon.colcon_core.package_discovery:discover_packages(ignore) discover
[0.531s] Level 1:colcon.colcon_core.package_discovery:discover_packages(ignore) using defaults
[0.531s] Level 1:colcon.colcon_core.package_discovery:discover_packages(path) discover
[0.531s] Level 1:colcon.colcon_core.package_discovery:discover_packages(path) using defaults
[0.571s] Level 1:colcon.colcon_core.package_discovery:discover_packages(prefix_path) check parameters
[0.571s] Level 1:colcon.colcon_core.package_discovery:discover_packages(prefix_path) discover
[0.583s] DEBUG:colcon.colcon_installed_package_information.package_discovery:Found 58 installed packages in /home/kjcs/ws_moveit2/install
[0.591s] DEBUG:colcon.colcon_installed_package_information.package_discovery:Found 344 installed packages in /home/kjcs/ros2_humble/install
[0.594s] DEBUG:colcon.colcon_installed_package_information.package_discovery:Found 235 installed packages in /opt/ros/humble
[0.599s] Level 1:colcon.colcon_core.package_discovery:discover_packages(prefix_path) using defaults
[0.640s] Level 5:colcon.colcon_core.verb:set package 'homogeneous_transform_pkg' build argument 'cmake_args' from command line to 'None'
[0.640s] Level 5:colcon.colcon_core.verb:set package 'homogeneous_transform_pkg' build argument 'cmake_target' from command line to 'None'
[0.640s] Level 5:colcon.colcon_core.verb:set package 'homogeneous_transform_pkg' build argument 'cmake_target_skip_unavailable' from command line to 'False'
[0.640s] Level 5:colcon.colcon_core.verb:set package 'homogeneous_transform_pkg' build argument 'cmake_clean_cache' from command line to 'False'
[0.640s] Level 5:colcon.colcon_core.verb:set package 'homogeneous_transform_pkg' build argument 'cmake_clean_first' from command line to 'False'
[0.640s] Level 5:colcon.colcon_core.verb:set package 'homogeneous_transform_pkg' build argument 'cmake_force_configure' from command line to 'False'
[0.640s] Level 5:colcon.colcon_core.verb:set package 'homogeneous_transform_pkg' build argument 'ament_cmake_args' from command line to 'None'
[0.640s] Level 5:colcon.colcon_core.verb:set package 'homogeneous_transform_pkg' build argument 'catkin_cmake_args' from command line to 'None'
[0.640s] Level 5:colcon.colcon_core.verb:set package 'homogeneous_transform_pkg' build argument 'catkin_skip_building_tests' from command line to 'False'
[0.640s] DEBUG:colcon.colcon_core.verb:Building package 'homogeneous_transform_pkg' with the following arguments: {'ament_cmake_args': None, 'build_base': '/home/kjcs/homogeneous_transform_ws/build/homogeneous_transform_pkg', 'catkin_cmake_args': None, 'catkin_skip_building_tests': False, 'cmake_args': None, 'cmake_clean_cache': False, 'cmake_clean_first': False, 'cmake_force_configure': False, 'cmake_target': None, 'cmake_target_skip_unavailable': False, 'install_base': '/home/kjcs/homogeneous_transform_ws/install/homogeneous_transform_pkg', 'merge_install': False, 'path': '/home/kjcs/homogeneous_transform_ws/src/homogeneous_transform_pkg', 'symlink_install': False, 'test_result_base': None}
[0.641s] INFO:colcon.colcon_core.executor:Executing jobs using 'parallel' executor
[0.648s] DEBUG:colcon.colcon_parallel_executor.executor.parallel:run_until_complete
[0.649s] INFO:colcon.colcon_ros.task.ament_cmake.build:Building ROS package in '/home/kjcs/homogeneous_transform_ws/src/homogeneous_transform_pkg' with build type 'ament_cmake'
[0.649s] INFO:colcon.colcon_cmake.task.cmake.build:Building CMake package in '/home/kjcs/homogeneous_transform_ws/src/homogeneous_transform_pkg'
[0.658s] INFO:colcon.colcon_core.plugin_system:Skipping extension 'colcon_core.shell.bat': Not used on non-Windows systems
[0.659s] INFO:colcon.colcon_core.shell:Skip shell extension 'powershell' for command environment: Not usable outside of PowerShell
[0.659s] DEBUG:colcon.colcon_core.shell:Skip shell extension 'dsv' for command environment
[0.690s] DEBUG:colcon.colcon_core.event_handler.log_command:Invoking command in '/home/kjcs/homogeneous_transform_ws/build/homogeneous_transform_pkg': CMAKE_PREFIX_PATH=${CMAKE_PREFIX_PATH}:/home/kjcs/ws_moveit2/install/moveit_configs_utils:/home/kjcs/ws_moveit2/install/launch_param_builder:/home/kjcs/ros2_humble/install/rqt_bag_plugins:/home/kjcs/ros2_humble/install/rqt_bag:/home/kjcs/ros2_humble/install/ros2bag:/home/kjcs/ros2_humble/install/tracetools_test:/home/kjcs/ros2_humble/install/tracetools_launch:/home/kjcs/ros2_humble/install/topic_monitor:/home/kjcs/ros2_humble/install/tf2_tools:/home/kjcs/ros2_humble/install/examples_tf2_py:/home/kjcs/ros2_humble/install/tf2_ros_py:/home/kjcs/ros2_humble/install/sros2:/home/kjcs/ros2_humble/install/rqt_topic:/home/kjcs/ros2_humble/install/rqt_srv:/home/kjcs/ros2_humble/install/rqt_shell:/home/kjcs/ros2_humble/install/rqt_service_caller:/home/kjcs/ros2_humble/install/rqt_reconfigure:/home/kjcs/ros2_humble/install/rqt_py_console:/home/kjcs/ros2_humble/install/rqt_publisher:/home/kjcs/ros2_humble/install/rqt_plot:/home/kjcs/ros2_humble/install/rqt_action:/home/kjcs/ros2_humble/install/rqt_msg:/home/kjcs/ros2_humble/install/rqt_console:/home/kjcs/ros2_humble/install/rqt:/home/kjcs/ros2_humble/install/rqt_graph:/home/kjcs/ros2_humble/install/rqt_gui_py:/home/kjcs/ros2_humble/install/rqt_gui:/home/kjcs/ros2_humble/install/ros2trace:/home/kjcs/ros2_humble/install/ros2topic:/home/kjcs/ros2_humble/install/ros2test:/home/kjcs/ros2_humble/install/ros2component:/home/kjcs/ros2_humble/install/ros2param:/home/kjcs/ros2_humble/install/ros2lifecycle:/home/kjcs/ros2_humble/install/ros2service:/home/kjcs/ros2_humble/install/ros2run:/home/kjcs/ros2_humble/install/ros2launch:/home/kjcs/ros2_humble/install/ros2pkg:/home/kjcs/ros2_humble/install/ros2node:/home/kjcs/ros2_humble/install/ros2multicast:/home/kjcs/ros2_humble/install/ros2interface:/home/kjcs/ros2_humble/install/ros2doctor:/home/kjcs/ros2_humble/install/ros2action:/home/kjcs/ros2_humble/install/ros2cli:/home/kjcs/ros2_humble/install/quality_of_service_demo_py:/home/kjcs/ros2_humble/install/lifecycle_py:/home/kjcs/ros2_humble/install/launch_testing_ros:/home/kjcs/ros2_humble/install/launch_ros:/home/kjcs/ros2_humble/install/examples_rclpy_pointcloud_publisher:/home/kjcs/ros2_humble/install/examples_rclpy_minimal_subscriber:/home/kjcs/ros2_humble/install/examples_rclpy_minimal_service:/home/kjcs/ros2_humble/install/examples_rclpy_minimal_publisher:/home/kjcs/ros2_humble/install/examples_rclpy_minimal_client:/home/kjcs/ros2_humble/install/examples_rclpy_minimal_action_server:/home/kjcs/ros2_humble/install/examples_rclpy_minimal_action_client:/home/kjcs/ros2_humble/install/examples_rclpy_guard_conditions:/home/kjcs/ros2_humble/install/examples_rclpy_executors:/home/kjcs/ros2_humble/install/demo_nodes_py:/home/kjcs/ros2_humble/install/action_tutorials_py:/home/kjcs/ros2_humble/install/ament_uncrustify:/home/kjcs/ros2_humble/install/tracetools_trace:/home/kjcs/ros2_humble/install/tracetools_read:/home/kjcs/ros2_humble/install/test_tracetools_launch:/home/kjcs/ros2_humble/install/test_launch_ros:/home/kjcs/ros2_humble/install/sensor_msgs_py:/home/kjcs/ros2_humble/install/rpyutils:/home/kjcs/ros2_humble/install/rosidl_runtime_py:/home/kjcs/ros2_humble/install/rosidl_cli:/home/kjcs/ros2_humble/install/launch_pytest:/home/kjcs/ros2_humble/install/launch_testing:/home/kjcs/ros2_humble/install/launch_yaml:/home/kjcs/ros2_humble/install/launch_xml:/home/kjcs/ros2_humble/install/launch:/home/kjcs/ros2_humble/install/osrf_pycommon:/home/kjcs/ros2_humble/install/launch_testing_examples:/home/kjcs/ros2_humble/install/domain_coordinator:/home/kjcs/ros2_humble/install/ament_xmllint:/home/kjcs/ros2_humble/install/ament_pyflakes:/home/kjcs/ros2_humble/install/ament_pycodestyle:/home/kjcs/ros2_humble/install/ament_pep257:/home/kjcs/ros2_humble/install/ament_pclint:/home/kjcs/ros2_humble/install/ament_package:/home/kjcs/ros2_humble/install/ament_mypy:/home/kjcs/ros2_humble/install/ament_lint_cmake:/home/kjcs/ros2_humble/install/ament_flake8:/home/kjcs/ros2_humble/install/ament_copyright:/home/kjcs/ros2_humble/install/ament_lint:/home/kjcs/ros2_humble/install/ament_index_python:/home/kjcs/ros2_humble/install/ament_cpplint:/home/kjcs/ros2_humble/install/ament_cppcheck:/home/kjcs/ros2_humble/install/ament_clang_tidy:/home/kjcs/ros2_humble/install/ament_clang_format:/opt/ros/humble /usr/bin/cmake /home/kjcs/homogeneous_transform_ws/src/homogeneous_transform_pkg -DCMAKE_INSTALL_PREFIX=/home/kjcs/homogeneous_transform_ws/install/homogeneous_transform_pkg
[3.640s] DEBUG:colcon.colcon_core.event_handler.log_command:Invoked command in '/home/kjcs/homogeneous_transform_ws/build/homogeneous_transform_pkg' returned '1': CMAKE_PREFIX_PATH=${CMAKE_PREFIX_PATH}:/home/kjcs/ws_moveit2/install/moveit_configs_utils:/home/kjcs/ws_moveit2/install/launch_param_builder:/home/kjcs/ros2_humble/install/rqt_bag_plugins:/home/kjcs/ros2_humble/install/rqt_bag:/home/kjcs/ros2_humble/install/ros2bag:/home/kjcs/ros2_humble/install/tracetools_test:/home/kjcs/ros2_humble/install/tracetools_launch:/home/kjcs/ros2_humble/install/topic_monitor:/home/kjcs/ros2_humble/install/tf2_tools:/home/kjcs/ros2_humble/install/examples_tf2_py:/home/kjcs/ros2_humble/install/tf2_ros_py:/home/kjcs/ros2_humble/install/sros2:/home/kjcs/ros2_humble/install/rqt_topic:/home/kjcs/ros2_humble/install/rqt_srv:/home/kjcs/ros2_humble/install/rqt_shell:/home/kjcs/ros2_humble/install/rqt_service_caller:/home/kjcs/ros2_humble/install/rqt_reconfigure:/home/kjcs/ros2_humble/install/rqt_py_console:/home/kjcs/ros2_humble/install/rqt_publisher:/home/kjcs/ros2_humble/install/rqt_plot:/home/kjcs/ros2_humble/install/rqt_action:/home/kjcs/ros2_humble/install/rqt_msg:/home/kjcs/ros2_humble/install/rqt_console:/home/kjcs/ros2_humble/install/rqt:/home/kjcs/ros2_humble/install/rqt_graph:/home/kjcs/ros2_humble/install/rqt_gui_py:/home/kjcs/ros2_humble/install/rqt_gui:/home/kjcs/ros2_humble/install/ros2trace:/home/kjcs/ros2_humble/install/ros2topic:/home/kjcs/ros2_humble/install/ros2test:/home/kjcs/ros2_humble/install/ros2component:/home/kjcs/ros2_humble/install/ros2param:/home/kjcs/ros2_humble/install/ros2lifecycle:/home/kjcs/ros2_humble/install/ros2service:/home/kjcs/ros2_humble/install/ros2run:/home/kjcs/ros2_humble/install/ros2launch:/home/kjcs/ros2_humble/install/ros2pkg:/home/kjcs/ros2_humble/install/ros2node:/home/kjcs/ros2_humble/install/ros2multicast:/home/kjcs/ros2_humble/install/ros2interface:/home/kjcs/ros2_humble/install/ros2doctor:/home/kjcs/ros2_humble/install/ros2action:/home/kjcs/ros2_humble/install/ros2cli:/home/kjcs/ros2_humble/install/quality_of_service_demo_py:/home/kjcs/ros2_humble/install/lifecycle_py:/home/kjcs/ros2_humble/install/launch_testing_ros:/home/kjcs/ros2_humble/install/launch_ros:/home/kjcs/ros2_humble/install/examples_rclpy_pointcloud_publisher:/home/kjcs/ros2_humble/install/examples_rclpy_minimal_subscriber:/home/kjcs/ros2_humble/install/examples_rclpy_minimal_service:/home/kjcs/ros2_humble/install/examples_rclpy_minimal_publisher:/home/kjcs/ros2_humble/install/examples_rclpy_minimal_client:/home/kjcs/ros2_humble/install/examples_rclpy_minimal_action_server:/home/kjcs/ros2_humble/install/examples_rclpy_minimal_action_client:/home/kjcs/ros2_humble/install/examples_rclpy_guard_conditions:/home/kjcs/ros2_humble/install/examples_rclpy_executors:/home/kjcs/ros2_humble/install/demo_nodes_py:/home/kjcs/ros2_humble/install/action_tutorials_py:/home/kjcs/ros2_humble/install/ament_uncrustify:/home/kjcs/ros2_humble/install/tracetools_trace:/home/kjcs/ros2_humble/install/tracetools_read:/home/kjcs/ros2_humble/install/test_tracetools_launch:/home/kjcs/ros2_humble/install/test_launch_ros:/home/kjcs/ros2_humble/install/sensor_msgs_py:/home/kjcs/ros2_humble/install/rpyutils:/home/kjcs/ros2_humble/install/rosidl_runtime_py:/home/kjcs/ros2_humble/install/rosidl_cli:/home/kjcs/ros2_humble/install/launch_pytest:/home/kjcs/ros2_humble/install/launch_testing:/home/kjcs/ros2_humble/install/launch_yaml:/home/kjcs/ros2_humble/install/launch_xml:/home/kjcs/ros2_humble/install/launch:/home/kjcs/ros2_humble/install/osrf_pycommon:/home/kjcs/ros2_humble/install/launch_testing_examples:/home/kjcs/ros2_humble/install/domain_coordinator:/home/kjcs/ros2_humble/install/ament_xmllint:/home/kjcs/ros2_humble/install/ament_pyflakes:/home/kjcs/ros2_humble/install/ament_pycodestyle:/home/kjcs/ros2_humble/install/ament_pep257:/home/kjcs/ros2_humble/install/ament_pclint:/home/kjcs/ros2_humble/install/ament_package:/home/kjcs/ros2_humble/install/ament_mypy:/home/kjcs/ros2_humble/install/ament_lint_cmake:/home/kjcs/ros2_humble/install/ament_flake8:/home/kjcs/ros2_humble/install/ament_copyright:/home/kjcs/ros2_humble/install/ament_lint:/home/kjcs/ros2_humble/install/ament_index_python:/home/kjcs/ros2_humble/install/ament_cpplint:/home/kjcs/ros2_humble/install/ament_cppcheck:/home/kjcs/ros2_humble/install/ament_clang_tidy:/home/kjcs/ros2_humble/install/ament_clang_format:/opt/ros/humble /usr/bin/cmake /home/kjcs/homogeneous_transform_ws/src/homogeneous_transform_pkg -DCMAKE_INSTALL_PREFIX=/home/kjcs/homogeneous_transform_ws/install/homogeneous_transform_pkg
[3.658s] Level 1:colcon.colcon_core.environment:create_environment_scripts_only(homogeneous_transform_pkg)
[3.669s] Level 1:colcon.colcon_core.environment:checking '/home/kjcs/homogeneous_transform_ws/install/homogeneous_transform_pkg' for CMake module files
[3.669s] Level 1:colcon.colcon_core.environment:checking '/home/kjcs/homogeneous_transform_ws/install/homogeneous_transform_pkg' for CMake config files
[3.669s] Level 1:colcon.colcon_core.environment:checking '/home/kjcs/homogeneous_transform_ws/install/homogeneous_transform_pkg/bin'
[3.669s] Level 1:colcon.colcon_core.environment:checking '/home/kjcs/homogeneous_transform_ws/install/homogeneous_transform_pkg/lib/pkgconfig/homogeneous_transform_pkg.pc'
[3.670s] Level 1:colcon.colcon_core.environment:checking '/home/kjcs/homogeneous_transform_ws/install/homogeneous_transform_pkg/lib/python3.10/site-packages'
[3.670s] Level 1:colcon.colcon_core.environment:checking '/home/kjcs/homogeneous_transform_ws/install/homogeneous_transform_pkg/bin'
[3.673s] INFO:colcon.colcon_core.shell:Creating package script '/home/kjcs/homogeneous_transform_ws/install/homogeneous_transform_pkg/share/homogeneous_transform_pkg/package.ps1'
[3.673s] INFO:colcon.colcon_core.shell:Creating package descriptor '/home/kjcs/homogeneous_transform_ws/install/homogeneous_transform_pkg/share/homogeneous_transform_pkg/package.dsv'
[3.674s] INFO:colcon.colcon_core.shell:Creating package script '/home/kjcs/homogeneous_transform_ws/install/homogeneous_transform_pkg/share/homogeneous_transform_pkg/package.sh'
[3.674s] INFO:colcon.colcon_core.shell:Creating package script '/home/kjcs/homogeneous_transform_ws/install/homogeneous_transform_pkg/share/homogeneous_transform_pkg/package.bash'
[3.674s] INFO:colcon.colcon_core.shell:Creating package script '/home/kjcs/homogeneous_transform_ws/install/homogeneous_transform_pkg/share/homogeneous_transform_pkg/package.zsh'
[3.675s] Level 1:colcon.colcon_core.environment:create_file_with_runtime_dependencies(/home/kjcs/homogeneous_transform_ws/install/homogeneous_transform_pkg/share/colcon-core/packages/homogeneous_transform_pkg)
[3.685s] DEBUG:colcon.colcon_parallel_executor.executor.parallel:closing loop
[3.685s] DEBUG:colcon.colcon_parallel_executor.executor.parallel:loop closed
[3.685s] DEBUG:colcon.colcon_parallel_executor.executor.parallel:run_until_complete finished with '1'
[3.685s] DEBUG:colcon.colcon_core.event_reactor:joining thread
[3.696s] INFO:colcon.colcon_core.plugin_system:Skipping extension 'colcon_notification.desktop_notification.terminal_notifier': Not used on non-Darwin systems
[3.696s] INFO:colcon.colcon_core.plugin_system:Skipping extension 'colcon_notification.desktop_notification.win32': Not used on non-Windows systems
[3.696s] INFO:colcon.colcon_notification.desktop_notification:Sending desktop notification using 'notify2'
[3.703s] DEBUG:colcon.colcon_core.event_reactor:joined thread
[3.706s] INFO:colcon.colcon_core.shell:Creating prefix script '/home/kjcs/homogeneous_transform_ws/install/local_setup.ps1'
[3.707s] INFO:colcon.colcon_core.shell:Creating prefix util module '/home/kjcs/homogeneous_transform_ws/install/_local_setup_util_ps1.py'
[3.708s] INFO:colcon.colcon_core.shell:Creating prefix chain script '/home/kjcs/homogeneous_transform_ws/install/setup.ps1'
[3.718s] INFO:colcon.colcon_core.shell:Creating prefix script '/home/kjcs/homogeneous_transform_ws/install/local_setup.sh'
[3.718s] INFO:colcon.colcon_core.shell:Creating prefix util module '/home/kjcs/homogeneous_transform_ws/install/_local_setup_util_sh.py'
[3.719s] INFO:colcon.colcon_core.shell:Creating prefix chain script '/home/kjcs/homogeneous_transform_ws/install/setup.sh'
[3.727s] INFO:colcon.colcon_core.shell:Creating prefix script '/home/kjcs/homogeneous_transform_ws/install/local_setup.bash'
[3.727s] INFO:colcon.colcon_core.shell:Creating prefix chain script '/home/kjcs/homogeneous_transform_ws/install/setup.bash'
[3.736s] INFO:colcon.colcon_core.shell:Creating prefix script '/home/kjcs/homogeneous_transform_ws/install/local_setup.zsh'
[3.736s] INFO:colcon.colcon_core.shell:Creating prefix chain script '/home/kjcs/homogeneous_transform_ws/install/setup.zsh'
