-- The C compiler identification is GNU 11.4.0
-- The CXX compiler identification is GNU 11.4.0
-- Detecting C compiler ABI info
-- Detecting C compiler ABI info - done
-- Check for working C compiler: /usr/bin/cc - skipped
-- Detecting C compile features
-- Detecting C compile features - done
-- Detecting CXX compiler ABI info
-- Detecting CXX compiler ABI info - done
-- Check for working CXX compiler: /usr/bin/c++ - skipped
-- Detecting CXX compile features
-- Detecting CXX compile features - done
-- Found ament_cmake: 1.3.5 (/home/kjcs/ros2_humble/install/ament_cmake/share/ament_cmake/cmake)
-- Found Python3: /usr/bin/python3.10 (found version "3.10.12") found components: Interpreter 
-- Found rclcpp: 16.0.4 (/home/kjcs/ros2_humble/install/rclcpp/share/rclcpp/cmake)
-- Found rosidl_generator_c: 3.1.4 (/home/kjcs/ros2_humble/install/rosidl_generator_c/share/rosidl_generator_c/cmake)
-- Found rosidl_adapter: 3.1.4 (/home/kjcs/ros2_humble/install/rosidl_adapter/share/rosidl_adapter/cmake)
-- Found rosidl_generator_cpp: 3.1.4 (/home/kjcs/ros2_humble/install/rosidl_generator_cpp/share/rosidl_generator_cpp/cmake)
-- Using all available rosidl_typesupport_c: rosidl_typesupport_introspection_c;rosidl_typesupport_fastrtps_c
-- Using all available rosidl_typesupport_cpp: rosidl_typesupport_introspection_cpp;rosidl_typesupport_fastrtps_cpp
-- Found rmw_implementation_cmake: 6.1.1 (/home/kjcs/ros2_humble/install/rmw_implementation_cmake/share/rmw_implementation_cmake/cmake)
-- Found rmw_cyclonedds_cpp: 1.3.4 (/home/kjcs/ros2_humble/install/rmw_cyclonedds_cpp/share/rmw_cyclonedds_cpp/cmake)
-- Using RMW implementation 'rmw_cyclonedds_cpp' as default
-- Looking for pthread.h
-- Looking for pthread.h - found
-- Performing Test CMAKE_HAVE_LIBC_PTHREAD
-- Performing Test CMAKE_HAVE_LIBC_PTHREAD - Success
-- Found Threads: TRUE  
-- Found rosidl_default_generators: 1.2.0 (/home/kjcs/ros2_humble/install/rosidl_default_generators/share/rosidl_default_generators/cmake)
-- Found ament_cmake_ros: 0.10.0 (/home/kjcs/ros2_humble/install/ament_cmake_ros/share/ament_cmake_ros/cmake)
-- Using all available rosidl_typesupport_c: rosidl_typesupport_introspection_c;rosidl_typesupport_fastrtps_c
-- Using all available rosidl_typesupport_cpp: rosidl_typesupport_introspection_cpp;rosidl_typesupport_fastrtps_cpp
-- Found PythonInterp: /usr/bin/python3 (found suitable version "3.10.12", minimum required is "3.6") 
-- Found python_cmake_module: 0.10.0 (/home/kjcs/ros2_humble/install/python_cmake_module/share/python_cmake_module/cmake)
-- Found PythonLibs: /usr/lib/x86_64-linux-gnu/libpython3.10.so (found suitable version "3.10.12", minimum required is "3.5") 
-- Using PYTHON_EXECUTABLE: /usr/bin/python3
-- Using PYTHON_INCLUDE_DIRS: /usr/include/python3.10
-- Using PYTHON_LIBRARIES: /usr/lib/x86_64-linux-gnu/libpython3.10.so
-- Found PythonExtra: .so  
-- Configuring done
-- Generating done
-- Build files have been written to: /home/kjcs/homogeneous_transform_ws/build/homogeneous_transform_pkg
[  2%] [34m[1mGenerating C code for ROS interfaces[0m
[  5%] [32mBuilding CXX object CMakeFiles/homogeneous_transform_server.dir/src/homogeneous_transform_server.cpp.o[0m
[  8%] [32mBuilding CXX object CMakeFiles/homogeneous_transform_client.dir/src/homogeneous_transform_client.cpp.o[0m
[ 11%] [34m[1mGenerating C++ code for ROS interfaces[0m
[ 11%] Built target ament_cmake_python_copy_homogeneous_transform_pkg
[ 11%] Built target homogeneous_transform_pkg__cpp
[ 14%] [32mBuilding C object CMakeFiles/homogeneous_transform_pkg__rosidl_generator_c.dir/rosidl_generator_c/homogeneous_transform_pkg/srv/detail/homogeneous_transform__functions.c.o[0m
[ 17%] [32m[1mLinking C shared library libhomogeneous_transform_pkg__rosidl_generator_c.so[0m
running egg_info
creating homogeneous_transform_pkg.egg-info
writing homogeneous_transform_pkg.egg-info/PKG-INFO
writing dependency_links to homogeneous_transform_pkg.egg-info/dependency_links.txt
writing top-level names to homogeneous_transform_pkg.egg-info/top_level.txt
writing manifest file 'homogeneous_transform_pkg.egg-info/SOURCES.txt'
reading manifest file 'homogeneous_transform_pkg.egg-info/SOURCES.txt'
writing manifest file 'homogeneous_transform_pkg.egg-info/SOURCES.txt'
[ 17%] Built target homogeneous_transform_pkg__rosidl_generator_c
[ 17%] Built target ament_cmake_python_build_homogeneous_transform_pkg_egg
